<?xml version="1.0" encoding="UTF-8"?>
<testng-results skipped="0" failed="0" ignored="0" total="1" passed="1">
  <reporter-output>
  </reporter-output>
  <suite name="Default suite" duration-ms="56" started-at="2019-11-04T09:16:28 IST" finished-at="2019-11-04T09:16:28 IST">
    <groups>
    </groups>
    <test name="Default test" duration-ms="56" started-at="2019-11-04T09:16:28 IST" finished-at="2019-11-04T09:16:28 IST">
      <class name="ruff.Vinay">
        <test-method status="PASS" signature="ram()[pri:0, instance:ruff.Vinay@4b4523f8]" name="ram" duration-ms="10" started-at="2019-11-04T09:16:28 IST" finished-at="2019-11-04T09:16:28 IST">
          <reporter-output>
          </reporter-output>
        </test-method> <!-- ram -->
      </class> <!-- ruff.Vinay -->
    </test> <!-- Default test -->
  </suite> <!-- Default suite -->
</testng-results>
